  main.cpp
main.cpp(70): warning C4244: 'argument': conversion from 'time_t' to 'unsigned int', possible loss of data
main.cpp(95): warning C4996: 'getche': The POSIX name for this item is deprecated. Instead, use the ISO C and C++ conformant name: _getche. See online help for details.
  C:\Program Files (x86)\Windows Kits\10\Include\10.0.14393.0\ucrt\conio.h(455): note: see declaration of 'getche'
main.cpp(115): warning C4244: 'argument': conversion from 'time_t' to 'unsigned int', possible loss of data
main.cpp(140): warning C4996: 'getche': The POSIX name for this item is deprecated. Instead, use the ISO C and C++ conformant name: _getche. See online help for details.
  C:\Program Files (x86)\Windows Kits\10\Include\10.0.14393.0\ucrt\conio.h(455): note: see declaration of 'getche'
main.cpp(159): warning C4996: 'cprintf': The POSIX name for this item is deprecated. Instead, use the ISO C and C++ conformant name: _cprintf. See online help for details.
  C:\Program Files (x86)\Windows Kits\10\Include\10.0.14393.0\ucrt\conio.h(471): note: see declaration of 'cprintf'
main.cpp(166): warning C4996: 'cprintf': The POSIX name for this item is deprecated. Instead, use the ISO C and C++ conformant name: _cprintf. See online help for details.
  C:\Program Files (x86)\Windows Kits\10\Include\10.0.14393.0\ucrt\conio.h(471): note: see declaration of 'cprintf'
main.cpp(168): warning C4996: 'cprintf': The POSIX name for this item is deprecated. Instead, use the ISO C and C++ conformant name: _cprintf. See online help for details.
  C:\Program Files (x86)\Windows Kits\10\Include\10.0.14393.0\ucrt\conio.h(471): note: see declaration of 'cprintf'
main.cpp(175): warning C4996: 'cprintf': The POSIX name for this item is deprecated. Instead, use the ISO C and C++ conformant name: _cprintf. See online help for details.
  C:\Program Files (x86)\Windows Kits\10\Include\10.0.14393.0\ucrt\conio.h(471): note: see declaration of 'cprintf'
main.cpp(177): warning C4996: 'cprintf': The POSIX name for this item is deprecated. Instead, use the ISO C and C++ conformant name: _cprintf. See online help for details.
  C:\Program Files (x86)\Windows Kits\10\Include\10.0.14393.0\ucrt\conio.h(471): note: see declaration of 'cprintf'
main.cpp(184): warning C4996: 'cprintf': The POSIX name for this item is deprecated. Instead, use the ISO C and C++ conformant name: _cprintf. See online help for details.
  C:\Program Files (x86)\Windows Kits\10\Include\10.0.14393.0\ucrt\conio.h(471): note: see declaration of 'cprintf'
main.cpp(187): warning C4996: 'cprintf': The POSIX name for this item is deprecated. Instead, use the ISO C and C++ conformant name: _cprintf. See online help for details.
  C:\Program Files (x86)\Windows Kits\10\Include\10.0.14393.0\ucrt\conio.h(471): note: see declaration of 'cprintf'
main.cpp(188): warning C4996: 'cprintf': The POSIX name for this item is deprecated. Instead, use the ISO C and C++ conformant name: _cprintf. See online help for details.
  C:\Program Files (x86)\Windows Kits\10\Include\10.0.14393.0\ucrt\conio.h(471): note: see declaration of 'cprintf'
main.cpp(189): warning C4996: 'cprintf': The POSIX name for this item is deprecated. Instead, use the ISO C and C++ conformant name: _cprintf. See online help for details.
  C:\Program Files (x86)\Windows Kits\10\Include\10.0.14393.0\ucrt\conio.h(471): note: see declaration of 'cprintf'
main.cpp(190): warning C4996: 'cprintf': The POSIX name for this item is deprecated. Instead, use the ISO C and C++ conformant name: _cprintf. See online help for details.
  C:\Program Files (x86)\Windows Kits\10\Include\10.0.14393.0\ucrt\conio.h(471): note: see declaration of 'cprintf'
main.cpp(197): warning C4996: 'cprintf': The POSIX name for this item is deprecated. Instead, use the ISO C and C++ conformant name: _cprintf. See online help for details.
  C:\Program Files (x86)\Windows Kits\10\Include\10.0.14393.0\ucrt\conio.h(471): note: see declaration of 'cprintf'
main.cpp(199): warning C4996: 'cprintf': The POSIX name for this item is deprecated. Instead, use the ISO C and C++ conformant name: _cprintf. See online help for details.
  C:\Program Files (x86)\Windows Kits\10\Include\10.0.14393.0\ucrt\conio.h(471): note: see declaration of 'cprintf'
main.cpp(206): warning C4996: 'cprintf': The POSIX name for this item is deprecated. Instead, use the ISO C and C++ conformant name: _cprintf. See online help for details.
  C:\Program Files (x86)\Windows Kits\10\Include\10.0.14393.0\ucrt\conio.h(471): note: see declaration of 'cprintf'
main.cpp(208): warning C4996: 'cprintf': The POSIX name for this item is deprecated. Instead, use the ISO C and C++ conformant name: _cprintf. See online help for details.
  C:\Program Files (x86)\Windows Kits\10\Include\10.0.14393.0\ucrt\conio.h(471): note: see declaration of 'cprintf'
main.cpp(215): warning C4996: 'cprintf': The POSIX name for this item is deprecated. Instead, use the ISO C and C++ conformant name: _cprintf. See online help for details.
  C:\Program Files (x86)\Windows Kits\10\Include\10.0.14393.0\ucrt\conio.h(471): note: see declaration of 'cprintf'
main.cpp(218): warning C4996: 'cprintf': The POSIX name for this item is deprecated. Instead, use the ISO C and C++ conformant name: _cprintf. See online help for details.
  C:\Program Files (x86)\Windows Kits\10\Include\10.0.14393.0\ucrt\conio.h(471): note: see declaration of 'cprintf'
main.cpp(219): warning C4996: 'cprintf': The POSIX name for this item is deprecated. Instead, use the ISO C and C++ conformant name: _cprintf. See online help for details.
  C:\Program Files (x86)\Windows Kits\10\Include\10.0.14393.0\ucrt\conio.h(471): note: see declaration of 'cprintf'
main.cpp(220): warning C4996: 'cprintf': The POSIX name for this item is deprecated. Instead, use the ISO C and C++ conformant name: _cprintf. See online help for details.
  C:\Program Files (x86)\Windows Kits\10\Include\10.0.14393.0\ucrt\conio.h(471): note: see declaration of 'cprintf'
main.cpp(221): warning C4996: 'cprintf': The POSIX name for this item is deprecated. Instead, use the ISO C and C++ conformant name: _cprintf. See online help for details.
  C:\Program Files (x86)\Windows Kits\10\Include\10.0.14393.0\ucrt\conio.h(471): note: see declaration of 'cprintf'
main.cpp(228): warning C4996: 'cprintf': The POSIX name for this item is deprecated. Instead, use the ISO C and C++ conformant name: _cprintf. See online help for details.
  C:\Program Files (x86)\Windows Kits\10\Include\10.0.14393.0\ucrt\conio.h(471): note: see declaration of 'cprintf'
main.cpp(230): warning C4996: 'cprintf': The POSIX name for this item is deprecated. Instead, use the ISO C and C++ conformant name: _cprintf. See online help for details.
  C:\Program Files (x86)\Windows Kits\10\Include\10.0.14393.0\ucrt\conio.h(471): note: see declaration of 'cprintf'
main.cpp(237): warning C4996: 'cprintf': The POSIX name for this item is deprecated. Instead, use the ISO C and C++ conformant name: _cprintf. See online help for details.
  C:\Program Files (x86)\Windows Kits\10\Include\10.0.14393.0\ucrt\conio.h(471): note: see declaration of 'cprintf'
main.cpp(239): warning C4996: 'cprintf': The POSIX name for this item is deprecated. Instead, use the ISO C and C++ conformant name: _cprintf. See online help for details.
  C:\Program Files (x86)\Windows Kits\10\Include\10.0.14393.0\ucrt\conio.h(471): note: see declaration of 'cprintf'
main.cpp(246): warning C4996: 'cprintf': The POSIX name for this item is deprecated. Instead, use the ISO C and C++ conformant name: _cprintf. See online help for details.
  C:\Program Files (x86)\Windows Kits\10\Include\10.0.14393.0\ucrt\conio.h(471): note: see declaration of 'cprintf'
main.cpp(249): warning C4996: 'cprintf': The POSIX name for this item is deprecated. Instead, use the ISO C and C++ conformant name: _cprintf. See online help for details.
  C:\Program Files (x86)\Windows Kits\10\Include\10.0.14393.0\ucrt\conio.h(471): note: see declaration of 'cprintf'
main.cpp(376): warning C4996: 'getche': The POSIX name for this item is deprecated. Instead, use the ISO C and C++ conformant name: _getche. See online help for details.
  C:\Program Files (x86)\Windows Kits\10\Include\10.0.14393.0\ucrt\conio.h(455): note: see declaration of 'getche'
main.cpp(407): warning C4996: 'getche': The POSIX name for this item is deprecated. Instead, use the ISO C and C++ conformant name: _getche. See online help for details.
  C:\Program Files (x86)\Windows Kits\10\Include\10.0.14393.0\ucrt\conio.h(455): note: see declaration of 'getche'
main.cpp(412): warning C4996: 'getche': The POSIX name for this item is deprecated. Instead, use the ISO C and C++ conformant name: _getche. See online help for details.
  C:\Program Files (x86)\Windows Kits\10\Include\10.0.14393.0\ucrt\conio.h(455): note: see declaration of 'getche'
main.cpp(468): warning C4996: 'getche': The POSIX name for this item is deprecated. Instead, use the ISO C and C++ conformant name: _getche. See online help for details.
  C:\Program Files (x86)\Windows Kits\10\Include\10.0.14393.0\ucrt\conio.h(455): note: see declaration of 'getche'
main.cpp(473): warning C4996: 'getche': The POSIX name for this item is deprecated. Instead, use the ISO C and C++ conformant name: _getche. See online help for details.
  C:\Program Files (x86)\Windows Kits\10\Include\10.0.14393.0\ucrt\conio.h(455): note: see declaration of 'getche'
main.cpp(504): warning C4996: 'getche': The POSIX name for this item is deprecated. Instead, use the ISO C and C++ conformant name: _getche. See online help for details.
  C:\Program Files (x86)\Windows Kits\10\Include\10.0.14393.0\ucrt\conio.h(455): note: see declaration of 'getche'
main.cpp(519): warning C4996: 'getche': The POSIX name for this item is deprecated. Instead, use the ISO C and C++ conformant name: _getche. See online help for details.
  C:\Program Files (x86)\Windows Kits\10\Include\10.0.14393.0\ucrt\conio.h(455): note: see declaration of 'getche'
main.cpp(531): warning C4996: 'getche': The POSIX name for this item is deprecated. Instead, use the ISO C and C++ conformant name: _getche. See online help for details.
  C:\Program Files (x86)\Windows Kits\10\Include\10.0.14393.0\ucrt\conio.h(455): note: see declaration of 'getche'
main.cpp(539): warning C4996: 'getche': The POSIX name for this item is deprecated. Instead, use the ISO C and C++ conformant name: _getche. See online help for details.
  C:\Program Files (x86)\Windows Kits\10\Include\10.0.14393.0\ucrt\conio.h(455): note: see declaration of 'getche'
main.cpp(550): warning C4996: 'getche': The POSIX name for this item is deprecated. Instead, use the ISO C and C++ conformant name: _getche. See online help for details.
  C:\Program Files (x86)\Windows Kits\10\Include\10.0.14393.0\ucrt\conio.h(455): note: see declaration of 'getche'
main.cpp(562): warning C4996: 'getche': The POSIX name for this item is deprecated. Instead, use the ISO C and C++ conformant name: _getche. See online help for details.
  C:\Program Files (x86)\Windows Kits\10\Include\10.0.14393.0\ucrt\conio.h(455): note: see declaration of 'getche'
main.cpp(570): warning C4996: 'getche': The POSIX name for this item is deprecated. Instead, use the ISO C and C++ conformant name: _getche. See online help for details.
  C:\Program Files (x86)\Windows Kits\10\Include\10.0.14393.0\ucrt\conio.h(455): note: see declaration of 'getche'
main.cpp(577): warning C4996: 'getche': The POSIX name for this item is deprecated. Instead, use the ISO C and C++ conformant name: _getche. See online help for details.
  C:\Program Files (x86)\Windows Kits\10\Include\10.0.14393.0\ucrt\conio.h(455): note: see declaration of 'getche'
main.cpp(593): warning C4996: 'getche': The POSIX name for this item is deprecated. Instead, use the ISO C and C++ conformant name: _getche. See online help for details.
  C:\Program Files (x86)\Windows Kits\10\Include\10.0.14393.0\ucrt\conio.h(455): note: see declaration of 'getche'
main.cpp(604): warning C4996: 'getche': The POSIX name for this item is deprecated. Instead, use the ISO C and C++ conformant name: _getche. See online help for details.
  C:\Program Files (x86)\Windows Kits\10\Include\10.0.14393.0\ucrt\conio.h(455): note: see declaration of 'getche'
main.cpp(612): warning C4996: 'getche': The POSIX name for this item is deprecated. Instead, use the ISO C and C++ conformant name: _getche. See online help for details.
  C:\Program Files (x86)\Windows Kits\10\Include\10.0.14393.0\ucrt\conio.h(455): note: see declaration of 'getche'
main.cpp(621): warning C4996: 'getche': The POSIX name for this item is deprecated. Instead, use the ISO C and C++ conformant name: _getche. See online help for details.
  C:\Program Files (x86)\Windows Kits\10\Include\10.0.14393.0\ucrt\conio.h(455): note: see declaration of 'getche'
main.cpp(633): warning C4996: 'getche': The POSIX name for this item is deprecated. Instead, use the ISO C and C++ conformant name: _getche. See online help for details.
  C:\Program Files (x86)\Windows Kits\10\Include\10.0.14393.0\ucrt\conio.h(455): note: see declaration of 'getche'
main.cpp(645): warning C4996: 'getche': The POSIX name for this item is deprecated. Instead, use the ISO C and C++ conformant name: _getche. See online help for details.
  C:\Program Files (x86)\Windows Kits\10\Include\10.0.14393.0\ucrt\conio.h(455): note: see declaration of 'getche'
main.cpp(653): warning C4996: 'getche': The POSIX name for this item is deprecated. Instead, use the ISO C and C++ conformant name: _getche. See online help for details.
  C:\Program Files (x86)\Windows Kits\10\Include\10.0.14393.0\ucrt\conio.h(455): note: see declaration of 'getche'
main.cpp(663): warning C4996: 'cprintf': The POSIX name for this item is deprecated. Instead, use the ISO C and C++ conformant name: _cprintf. See online help for details.
  C:\Program Files (x86)\Windows Kits\10\Include\10.0.14393.0\ucrt\conio.h(471): note: see declaration of 'cprintf'
main.cpp(664): warning C4996: 'getche': The POSIX name for this item is deprecated. Instead, use the ISO C and C++ conformant name: _getche. See online help for details.
  C:\Program Files (x86)\Windows Kits\10\Include\10.0.14393.0\ucrt\conio.h(455): note: see declaration of 'getche'
main.cpp(673): warning C4996: 'getche': The POSIX name for this item is deprecated. Instead, use the ISO C and C++ conformant name: _getche. See online help for details.
  C:\Program Files (x86)\Windows Kits\10\Include\10.0.14393.0\ucrt\conio.h(455): note: see declaration of 'getche'
main.cpp(685): warning C4996: 'cprintf': The POSIX name for this item is deprecated. Instead, use the ISO C and C++ conformant name: _cprintf. See online help for details.
  C:\Program Files (x86)\Windows Kits\10\Include\10.0.14393.0\ucrt\conio.h(471): note: see declaration of 'cprintf'
main.cpp(686): warning C4996: 'getche': The POSIX name for this item is deprecated. Instead, use the ISO C and C++ conformant name: _getche. See online help for details.
  C:\Program Files (x86)\Windows Kits\10\Include\10.0.14393.0\ucrt\conio.h(455): note: see declaration of 'getche'
main.cpp(696): warning C4996: 'cprintf': The POSIX name for this item is deprecated. Instead, use the ISO C and C++ conformant name: _cprintf. See online help for details.
  C:\Program Files (x86)\Windows Kits\10\Include\10.0.14393.0\ucrt\conio.h(471): note: see declaration of 'cprintf'
main.cpp(705): warning C4996: 'cprintf': The POSIX name for this item is deprecated. Instead, use the ISO C and C++ conformant name: _cprintf. See online help for details.
  C:\Program Files (x86)\Windows Kits\10\Include\10.0.14393.0\ucrt\conio.h(471): note: see declaration of 'cprintf'
main.cpp(706): warning C4996: 'getche': The POSIX name for this item is deprecated. Instead, use the ISO C and C++ conformant name: _getche. See online help for details.
  C:\Program Files (x86)\Windows Kits\10\Include\10.0.14393.0\ucrt\conio.h(455): note: see declaration of 'getche'
main.cpp(715): warning C4996: 'getche': The POSIX name for this item is deprecated. Instead, use the ISO C and C++ conformant name: _getche. See online help for details.
  C:\Program Files (x86)\Windows Kits\10\Include\10.0.14393.0\ucrt\conio.h(455): note: see declaration of 'getche'
main.cpp(727): warning C4996: 'cprintf': The POSIX name for this item is deprecated. Instead, use the ISO C and C++ conformant name: _cprintf. See online help for details.
  C:\Program Files (x86)\Windows Kits\10\Include\10.0.14393.0\ucrt\conio.h(471): note: see declaration of 'cprintf'
main.cpp(728): warning C4996: 'getche': The POSIX name for this item is deprecated. Instead, use the ISO C and C++ conformant name: _getche. See online help for details.
  C:\Program Files (x86)\Windows Kits\10\Include\10.0.14393.0\ucrt\conio.h(455): note: see declaration of 'getche'
main.cpp(738): warning C4996: 'cprintf': The POSIX name for this item is deprecated. Instead, use the ISO C and C++ conformant name: _cprintf. See online help for details.
  C:\Program Files (x86)\Windows Kits\10\Include\10.0.14393.0\ucrt\conio.h(471): note: see declaration of 'cprintf'
  Generating code
  All 32 functions were compiled because no usable IPDB/IOBJ from previous compilation was found.
  Finished generating code
  dooz.vcxproj -> H:\Workspace\c++\Dooz\dooz\Release\dooz.exe
